<?xml version="1.0" encoding="UTF-8"?>
<robot generator="Robot 7.4.1 (Python 3.13.5 on win32)" generated="2026-03-06T10:41:05.473407" rpa="false" schemaversion="5">
<suite id="s1" name="Robottesting" source="C:\Users\DavidMarcell\Desktop\unit test\pytest\DM Unit_test_number_validator\Robottesting">
<suite id="s1-s1" name="Termekteszteles" source="C:\Users\DavidMarcell\Desktop\unit test\pytest\DM Unit_test_number_validator\Robottesting\termekteszteles.robot">
<test id="s1-s1-t1" name="Vissza navigáció" line="48">
<kw name="Login with valid user" owner="Login_keyword">
<kw name="Open Browser" owner="Selenium2Library">
<msg time="2026-03-06T10:41:05.656367" level="INFO">Opening browser 'chrome' to base url 'https://www.saucedemo.com'.</msg>
<arg>https://www.saucedemo.com</arg>
<arg>chrome</arg>
<doc>Opens a new browser instance to the optional ``url``.</doc>
<status status="PASS" start="2026-03-06T10:41:05.656147" elapsed="0.826606"/>
</kw>
<kw name="Input Text" owner="Selenium2Library">
<msg time="2026-03-06T10:41:06.483488" level="INFO">Typing text 'standard_user' into text field 'id:user-name'.</msg>
<arg>id:user-name</arg>
<arg>standard_user</arg>
<doc>Types the given ``text`` into the text field identified by ``locator``.</doc>
<status status="PASS" start="2026-03-06T10:41:06.483007" elapsed="0.062033"/>
</kw>
<kw name="Input Text" owner="Selenium2Library">
<msg time="2026-03-06T10:41:06.545481" level="INFO">Typing text 'secret_sauce' into text field 'id:password'.</msg>
<arg>id:password</arg>
<arg>secret_sauce</arg>
<doc>Types the given ``text`` into the text field identified by ``locator``.</doc>
<status status="PASS" start="2026-03-06T10:41:06.545233" elapsed="0.045063"/>
</kw>
<kw name="Sleep" owner="BuiltIn">
<msg time="2026-03-06T10:41:08.591101" level="INFO">Slept 2 seconds.</msg>
<arg>2s</arg>
<doc>Pauses the test executed for the given time.</doc>
<status status="PASS" start="2026-03-06T10:41:06.590467" elapsed="2.001340"/>
</kw>
<kw name="Click Button" owner="Selenium2Library">
<msg time="2026-03-06T10:41:08.593396" level="INFO">Clicking button 'id:login-button'.</msg>
<arg>id:login-button</arg>
<doc>Clicks the button identified by ``locator``.</doc>
<status status="PASS" start="2026-03-06T10:41:08.592394" elapsed="0.067020"/>
</kw>
<status status="PASS" start="2026-03-06T10:41:05.655560" elapsed="3.003999"/>
</kw>
<kw name="Click Element" owner="Selenium2Library">
<msg time="2026-03-06T10:41:08.660229" level="INFO">Clicking element 'class:inventory_item_img'.</msg>
<arg>class:inventory_item_img</arg>
<doc>Click the element identified by ``locator``.</doc>
<status status="PASS" start="2026-03-06T10:41:08.659800" elapsed="0.045886"/>
</kw>
<kw name="Sleep" owner="BuiltIn">
<msg time="2026-03-06T10:41:10.706690" level="INFO">Slept 2 seconds.</msg>
<arg>2s</arg>
<doc>Pauses the test executed for the given time.</doc>
<status status="PASS" start="2026-03-06T10:41:08.705973" elapsed="2.001412"/>
</kw>
<kw name="Click Button" owner="Selenium2Library">
<msg time="2026-03-06T10:41:10.709520" level="INFO">Clicking button 'id:back-to-products'.</msg>
<arg>id:back-to-products</arg>
<doc>Clicks the button identified by ``locator``.</doc>
<status status="PASS" start="2026-03-06T10:41:10.708702" elapsed="0.049697"/>
</kw>
<kw name="Page Should Contain Element" owner="Selenium2Library">
<msg time="2026-03-06T10:41:10.765789" level="INFO">Current page contains element 'class:title'.</msg>
<arg>class:title</arg>
<doc>Verifies that element ``locator`` is found on the current page.</doc>
<status status="PASS" start="2026-03-06T10:41:10.758681" elapsed="0.007334"/>
</kw>
<kw name="Sleep" owner="BuiltIn">
<msg time="2026-03-06T10:41:12.767216" level="INFO">Slept 2 seconds.</msg>
<arg>2s</arg>
<doc>Pauses the test executed for the given time.</doc>
<status status="PASS" start="2026-03-06T10:41:10.766291" elapsed="2.002442"/>
</kw>
<status status="PASS" start="2026-03-06T10:41:05.653012" elapsed="7.117552"/>
</test>
<status status="PASS" start="2026-03-06T10:41:05.506934" elapsed="7.272260"/>
</suite>
<status status="PASS" start="2026-03-06T10:41:05.476794" elapsed="7.311421"/>
</suite>
<statistics>
<total>
<stat pass="1" fail="0" skip="0">All Tests</stat>
</total>
<tag>
</tag>
<suite>
<stat name="Robottesting" id="s1" pass="1" fail="0" skip="0">Robottesting</stat>
<stat name="Termekteszteles" id="s1-s1" pass="1" fail="0" skip="0">Robottesting.Termekteszteles</stat>
</suite>
</statistics>
<errors>
</errors>
</robot>
